2025-11-07T04:32:23:    ▲ Next.js 16.0.1
2025-11-07T04:32:23:    - Local:        http://localhost:3000
2025-11-07T04:32:23:    - Network:      http://192.168.50.230:3000
2025-11-07T04:32:23: 
2025-11-07T04:32:23:  ✓ Starting...
2025-11-07T04:32:23:  ✓ Ready in 319ms
2025-11-07T04:44:33:    ▲ Next.js 16.0.1
2025-11-07T04:44:33:    - Local:        http://localhost:3000
2025-11-07T04:44:33:    - Network:      http://192.168.50.230:3000
2025-11-07T04:44:33: 
2025-11-07T04:44:33:  ✓ Starting...
2025-11-07T04:44:33:  ✓ Ready in 308ms
2025-11-07T04:46:19:    ▲ Next.js 16.0.1
2025-11-07T04:46:19:    - Local:        http://localhost:3000
2025-11-07T04:46:19:    - Network:      http://192.168.50.230:3000
2025-11-07T04:46:19: 
2025-11-07T04:46:19:  ✓ Starting...
2025-11-07T04:46:20:  ✓ Ready in 315ms
2025-11-07T04:47:22:    ▲ Next.js 16.0.1
2025-11-07T04:47:22:    - Local:        http://localhost:3000
2025-11-07T04:47:22:    - Network:      http://192.168.50.230:3000
2025-11-07T04:47:22: 
2025-11-07T04:47:22:  ✓ Starting...
2025-11-07T04:47:22:  ✓ Ready in 319ms
2025-11-07T04:52:05:    ▲ Next.js 16.0.1
2025-11-07T04:52:05:    - Local:        http://localhost:3000
2025-11-07T04:52:05:    - Network:      http://192.168.50.230:3000
2025-11-07T04:52:05: 
2025-11-07T04:52:05:  ✓ Starting...
2025-11-07T04:52:05:  ✓ Ready in 313ms
2025-11-07T04:52:39:    ▲ Next.js 16.0.1
2025-11-07T04:52:39:    - Local:        http://localhost:3000
2025-11-07T04:52:39:    - Network:      http://192.168.50.230:3000
2025-11-07T04:52:39: 
2025-11-07T04:52:39:  ✓ Starting...
2025-11-07T04:52:39:  ✓ Ready in 322ms
2025-11-07T04:52:59:    ▲ Next.js 16.0.1
2025-11-07T04:52:59:    - Local:        http://localhost:3000
2025-11-07T04:52:59:    - Network:      http://192.168.50.230:3000
2025-11-07T04:52:59: 
2025-11-07T04:52:59:  ✓ Starting...
2025-11-07T04:52:59:  ✓ Ready in 312ms
2025-11-07T05:00:31:    ▲ Next.js 16.0.1
2025-11-07T05:00:31:    - Local:        http://localhost:3000
2025-11-07T05:00:31:    - Network:      http://192.168.50.230:3000
2025-11-07T05:00:31: 
2025-11-07T05:00:31:  ✓ Starting...
2025-11-07T05:00:31:  ✓ Ready in 306ms
2025-11-07T05:03:12:    ▲ Next.js 16.0.1
2025-11-07T05:03:12:    - Local:        http://localhost:3000
2025-11-07T05:03:12:    - Network:      http://192.168.50.230:3000
2025-11-07T05:03:12: 
2025-11-07T05:03:12:  ✓ Starting...
2025-11-07T05:03:12:  ✓ Ready in 308ms
2025-11-07T05:24:10:    ▲ Next.js 16.0.1
2025-11-07T05:24:10:    - Local:        http://localhost:3000
2025-11-07T05:24:10:    - Network:      http://192.168.50.230:3000
2025-11-07T05:24:10: 
2025-11-07T05:24:10:  ✓ Starting...
2025-11-07T05:24:10:  ✓ Ready in 315ms
2025-11-07T05:29:39:    ▲ Next.js 16.0.1
2025-11-07T05:29:39:    - Local:        http://localhost:3000
2025-11-07T05:29:39:    - Network:      http://192.168.50.230:3000
2025-11-07T05:29:39: 
2025-11-07T05:29:39:  ✓ Starting...
2025-11-07T05:29:40:  ✓ Ready in 309ms
2025-11-07T05:33:35:    ▲ Next.js 16.0.1
2025-11-07T05:33:35:    - Local:        http://localhost:3000
2025-11-07T05:33:35:    - Network:      http://192.168.50.230:3000
2025-11-07T05:33:35: 
2025-11-07T05:33:35:  ✓ Starting...
2025-11-07T05:33:35:  ✓ Ready in 316ms
2025-11-07T05:34:19:    ▲ Next.js 16.0.1
2025-11-07T05:34:19:    - Local:        http://localhost:3000
2025-11-07T05:34:19:    - Network:      http://192.168.50.230:3000
2025-11-07T05:34:19: 
2025-11-07T05:34:19:  ✓ Starting...
2025-11-07T05:34:19:  ✓ Ready in 305ms
2025-11-07T05:42:31:    ▲ Next.js 16.0.1
2025-11-07T05:42:31:    - Local:        http://localhost:3000
2025-11-07T05:42:31:    - Network:      http://192.168.50.230:3000
2025-11-07T05:42:31: 
2025-11-07T05:42:31:  ✓ Starting...
2025-11-07T05:42:31:  ✓ Ready in 312ms
2025-11-07T05:44:33:    ▲ Next.js 16.0.1
2025-11-07T05:44:33:    - Local:        http://localhost:3000
2025-11-07T05:44:33:    - Network:      http://192.168.50.230:3000
2025-11-07T05:44:33: 
2025-11-07T05:44:33:  ✓ Starting...
2025-11-07T05:44:34:  ✓ Ready in 312ms
2025-11-07T06:05:45:    ▲ Next.js 16.0.1
2025-11-07T06:05:45:    - Local:        http://localhost:3000
2025-11-07T06:05:45:    - Network:      http://192.168.50.230:3000
2025-11-07T06:05:45: 
2025-11-07T06:05:45:  ✓ Starting...
2025-11-07T06:05:46:  ✓ Ready in 330ms
2025-11-07T06:14:39:    ▲ Next.js 16.0.1
2025-11-07T06:14:39:    - Local:        http://localhost:3000
2025-11-07T06:14:39:    - Network:      http://192.168.50.230:3000
2025-11-07T06:14:39: 
2025-11-07T06:14:39:  ✓ Starting...
2025-11-07T06:14:40:  ✓ Ready in 320ms
2025-11-07T06:25:16:    ▲ Next.js 16.0.1
2025-11-07T06:25:16:    - Local:        http://localhost:3000
2025-11-07T06:25:16:    - Network:      http://192.168.50.230:3000
2025-11-07T06:25:16: 
2025-11-07T06:25:16:  ✓ Starting...
2025-11-07T06:25:17:  ✓ Ready in 312ms
2025-11-07T06:25:55:    ▲ Next.js 16.0.1
2025-11-07T06:25:55:    - Local:        http://localhost:3000
2025-11-07T06:25:55:    - Network:      http://192.168.50.230:3000
2025-11-07T06:25:55: 
2025-11-07T06:25:55:  ✓ Starting...
2025-11-07T06:25:56:  ✓ Ready in 325ms
2025-11-07T06:45:04:    ▲ Next.js 16.0.1
2025-11-07T06:45:04:    - Local:        http://localhost:3000
2025-11-07T06:45:04:    - Network:      http://192.168.50.230:3000
2025-11-07T06:45:04: 
2025-11-07T06:45:04:  ✓ Starting...
2025-11-07T06:45:04:  ✓ Ready in 308ms
2025-11-07T06:52:51:    ▲ Next.js 16.0.1
2025-11-07T06:52:51:    - Local:        http://localhost:3000
2025-11-07T06:52:51:    - Network:      http://192.168.50.230:3000
2025-11-07T06:52:51: 
2025-11-07T06:52:51:  ✓ Starting...
2025-11-07T06:52:51:  ✓ Ready in 311ms
2025-11-07T07:01:32:    ▲ Next.js 16.0.1
2025-11-07T07:01:32:    - Local:        http://localhost:3000
2025-11-07T07:01:32:    - Network:      http://192.168.50.230:3000
2025-11-07T07:01:32: 
2025-11-07T07:01:32:  ✓ Starting...
2025-11-07T07:01:32:  ✓ Ready in 316ms
2025-11-07T07:09:07:    ▲ Next.js 16.0.1
2025-11-07T07:09:07:    - Local:        http://localhost:3000
2025-11-07T07:09:07:    - Network:      http://192.168.50.230:3000
2025-11-07T07:09:07: 
2025-11-07T07:09:07:  ✓ Starting...
2025-11-07T07:09:07:  ✓ Ready in 312ms
2025-11-07T07:15:35:    ▲ Next.js 16.0.1
2025-11-07T07:15:35:    - Local:        http://localhost:3000
2025-11-07T07:15:35:    - Network:      http://192.168.50.230:3000
2025-11-07T07:15:35: 
2025-11-07T07:15:35:  ✓ Starting...
2025-11-07T07:15:35:  ✓ Ready in 314ms
2025-11-07T07:23:34:    ▲ Next.js 16.0.1
2025-11-07T07:23:34:    - Local:        http://localhost:3000
2025-11-07T07:23:34:    - Network:      http://192.168.50.230:3000
2025-11-07T07:23:34: 
2025-11-07T07:23:34:  ✓ Starting...
2025-11-07T07:23:35:  ✓ Ready in 329ms
2025-11-07T07:29:11:    ▲ Next.js 16.0.1
2025-11-07T07:29:11:    - Local:        http://localhost:3000
2025-11-07T07:29:11:    - Network:      http://192.168.50.230:3000
2025-11-07T07:29:11: 
2025-11-07T07:29:11:  ✓ Starting...
2025-11-07T07:29:11:  ✓ Ready in 308ms
2025-11-07T07:30:54:    ▲ Next.js 16.0.1
2025-11-07T07:30:54:    - Local:        http://localhost:3000
2025-11-07T07:30:54:    - Network:      http://192.168.50.230:3000
2025-11-07T07:30:54: 
2025-11-07T07:30:54:  ✓ Starting...
2025-11-07T07:30:54:  ✓ Ready in 319ms
2025-11-07T07:37:20:    ▲ Next.js 16.0.1
2025-11-07T07:37:20:    - Local:        http://localhost:3000
2025-11-07T07:37:20:    - Network:      http://192.168.50.230:3000
2025-11-07T07:37:20: 
2025-11-07T07:37:20:  ✓ Starting...
2025-11-07T07:37:20:  ✓ Ready in 308ms
2025-11-07T07:45:16:    ▲ Next.js 16.0.1
2025-11-07T07:45:16:    - Local:        http://localhost:3000
2025-11-07T07:45:16:    - Network:      http://192.168.50.230:3000
2025-11-07T07:45:16: 
2025-11-07T07:45:16:  ✓ Starting...
2025-11-07T07:45:16:  ✓ Ready in 312ms
2025-11-07T07:52:36:    ▲ Next.js 16.0.1
2025-11-07T07:52:36:    - Local:        http://localhost:3000
2025-11-07T07:52:36:    - Network:      http://192.168.50.230:3000
2025-11-07T07:52:36: 
2025-11-07T07:52:36:  ✓ Starting...
2025-11-07T07:52:36:  ✓ Ready in 310ms
2025-11-07T07:59:05:    ▲ Next.js 16.0.1
2025-11-07T07:59:05:    - Local:        http://localhost:3000
2025-11-07T07:59:05:    - Network:      http://192.168.50.230:3000
2025-11-07T07:59:05: 
2025-11-07T07:59:05:  ✓ Starting...
2025-11-07T07:59:05:  ✓ Ready in 317ms
2025-11-07T08:07:11:    ▲ Next.js 16.0.1
2025-11-07T08:07:11:    - Local:        http://localhost:3000
2025-11-07T08:07:11:    - Network:      http://192.168.50.230:3000
2025-11-07T08:07:11: 
2025-11-07T08:07:11:  ✓ Starting...
2025-11-07T08:07:11:  ✓ Ready in 322ms
2025-11-07T14:02:35: [createQR] Starting with input: { slug: '6f33saklnd', mode: 'single', destCount: 1 }
2025-11-07T14:02:35: [createQR] Created QR with ID: 70987c51-70c0-49bc-af3b-95fbaac48059
2025-11-07T14:02:35: [createQR] Inserted 1 destinations
2025-11-07T14:02:35: [createQR] ✅ Successfully saved to database!
2025-11-07T14:02:49: [getQRBySlug] Looking for slug: undefined
2025-11-07T14:02:49: [getQRBySlug] QR not found
2025-11-07T14:09:38:    ▲ Next.js 16.0.1
2025-11-07T14:09:38:    - Local:        http://localhost:3000
2025-11-07T14:09:38:    - Network:      http://192.168.50.230:3000
2025-11-07T14:09:38: 
2025-11-07T14:09:38:  ✓ Starting...
2025-11-07T14:09:38:  ✓ Ready in 320ms
2025-11-07T17:20:41: [createQR] Starting with input: { slug: '7ofzqwc8o2', mode: 'single', destCount: 1 }
2025-11-07T17:21:02: [l/[slug]] Handling redirect for slug: 7ofzqwc8o2
2025-11-07T17:21:02: [getQRBySlug] Looking for slug: 7ofzqwc8o2
2025-11-07T17:21:02: [getQRBySlug] QR not found
2025-11-07T17:21:09: [l/[slug]] Handling redirect for slug: 7ofzqwc8o2
2025-11-07T17:21:09: [getQRBySlug] Looking for slug: 7ofzqwc8o2
2025-11-07T17:21:09: [getQRBySlug] QR not found
2025-11-07T17:23:39:    ▲ Next.js 16.0.1
2025-11-07T17:23:39:    - Local:        http://localhost:3000
2025-11-07T17:23:39:    - Network:      http://192.168.50.230:3000
2025-11-07T17:23:39: 
2025-11-07T17:23:39:  ✓ Starting...
2025-11-07T17:23:40:  ✓ Ready in 310ms
2025-11-07T22:48:46: [l/[slug]] Handling redirect for slug: 7ofzqwc8o2
2025-11-07T22:48:46: [getQRBySlug] Looking for slug: 7ofzqwc8o2
2025-11-07T22:48:46: [getQRBySlug] QR not found
2025-11-07T22:49:19: [createQR] Starting with input: { slug: 'bvol3s1tjj', mode: 'single', destCount: 1 }
2025-11-07T22:49:19: [createQR] Created QR with ID: dc790364-a116-46a9-8e5f-5fcc7481aeb5
2025-11-07T22:49:19: [createQR] Upserted 1 destinations
2025-11-07T22:49:19: [createQR] ✅ Successfully saved to database!
2025-11-07T22:49:25: [l/[slug]] Handling redirect for slug: bvol3s1tjj
2025-11-07T22:49:25: [getQRBySlug] Looking for slug: bvol3s1tjj
2025-11-07T22:49:25: [getQRBySlug] Found QR: dc790364-a116-46a9-8e5f-5fcc7481aeb5
2025-11-07T22:49:25: [getQRBySlug] Found 1 destinations
2025-11-07T22:49:32: [l/[slug]] Handling redirect for slug: bvol3s1tjj
2025-11-07T22:49:32: [getQRBySlug] Looking for slug: bvol3s1tjj
2025-11-07T22:49:32: [getQRBySlug] Found QR: dc790364-a116-46a9-8e5f-5fcc7481aeb5
2025-11-07T22:49:32: [getQRBySlug] Found 1 destinations
2025-11-07T22:50:31: [createQR] Starting with input: { slug: 'pxvc6opi6q', mode: 'multi', destCount: 2 }
2025-11-07T22:50:32: [createQR] Created QR with ID: 5ee6900c-24ac-48a9-8775-fa3339792bc7
2025-11-07T22:50:32: [createQR] Upserted 2 destinations
2025-11-07T22:50:32: [createQR] ✅ Successfully saved to database!
2025-11-07T22:50:35: [l/[slug]] Handling redirect for slug: pxvc6opi6q
2025-11-07T22:50:35: [getQRBySlug] Looking for slug: pxvc6opi6q
2025-11-07T22:50:35: [getQRBySlug] Found QR: 5ee6900c-24ac-48a9-8775-fa3339792bc7
2025-11-07T22:50:35: [getQRBySlug] Found 2 destinations
2025-11-07T22:50:35: [Landing Page] Fetching QR from database for slug: pxvc6opi6q
2025-11-07T22:50:35: [getQRBySlug] Looking for slug: pxvc6opi6q
2025-11-07T22:50:35: [getQRBySlug] Found QR: 5ee6900c-24ac-48a9-8775-fa3339792bc7
2025-11-07T22:50:35: [getQRBySlug] Found 2 destinations
2025-11-07T23:00:38:    ▲ Next.js 16.0.1
2025-11-07T23:00:38:    - Local:        http://localhost:3000
2025-11-07T23:00:38:    - Network:      http://192.168.50.230:3000
2025-11-07T23:00:38: 
2025-11-07T23:00:38:  ✓ Starting...
2025-11-07T23:00:38:  ✓ Ready in 335ms
2025-11-07T23:03:36: [Landing Page] Fetching QR from database for slug: pxvc6opi6q
2025-11-07T23:03:36: [getQRBySlug] Looking for slug: pxvc6opi6q
2025-11-07T23:03:36: [getQRBySlug] Found QR: 5ee6900c-24ac-48a9-8775-fa3339792bc7
2025-11-07T23:03:36: [getQRBySlug] Found 2 destinations
2025-11-07T23:04:26: [createQR] Starting with input: { slug: 'td1ob8f6pu', mode: 'multi', destCount: 2 }
2025-11-07T23:04:26: [createQR] Created QR with ID: 31ada0f1-037e-4cd2-8a6e-d3edc3270744
2025-11-07T23:04:26: [createQR] Upserted 2 destinations
2025-11-07T23:04:26: [createQR] ✅ Successfully saved to database!
2025-11-07T23:04:26: [createQR] Base URL used: http://localhost:3000
2025-11-07T23:04:32: [l/[slug]] Handling redirect for slug: td1ob8f6pu
2025-11-07T23:04:32: [getQRBySlug] Looking for slug: td1ob8f6pu
2025-11-07T23:04:32: [getQRBySlug] Found QR: 31ada0f1-037e-4cd2-8a6e-d3edc3270744
2025-11-07T23:04:32: [getQRBySlug] Found 2 destinations
2025-11-07T23:04:32: [Landing Page] Fetching QR from database for slug: td1ob8f6pu
2025-11-07T23:04:32: [getQRBySlug] Looking for slug: td1ob8f6pu
2025-11-07T23:04:32: [getQRBySlug] Found QR: 31ada0f1-037e-4cd2-8a6e-d3edc3270744
2025-11-07T23:04:32: [getQRBySlug] Found 2 destinations
2025-11-07T23:10:20: [Landing Page] Fetching QR from database for slug: td1ob8f6pu
2025-11-07T23:10:20: [getQRBySlug] Looking for slug: td1ob8f6pu
2025-11-07T23:10:20: [getQRBySlug] Found QR: 31ada0f1-037e-4cd2-8a6e-d3edc3270744
2025-11-07T23:10:20: [getQRBySlug] Found 2 destinations
2025-11-07T23:10:23: [Landing Page] Fetching QR from database for slug: td1ob8f6pu
2025-11-07T23:10:23: [getQRBySlug] Looking for slug: td1ob8f6pu
2025-11-07T23:10:23: [getQRBySlug] Found QR: 31ada0f1-037e-4cd2-8a6e-d3edc3270744
2025-11-07T23:10:23: [getQRBySlug] Found 2 destinations
2025-11-07T23:10:52:    ▲ Next.js 16.0.1
2025-11-07T23:10:52:    - Local:        http://localhost:3000
2025-11-07T23:10:52:    - Network:      http://192.168.50.230:3000
2025-11-07T23:10:52: 
2025-11-07T23:10:52:  ✓ Starting...
2025-11-07T23:10:53:  ✓ Ready in 339ms
2025-11-07T23:10:54: [Landing Page] Fetching QR from database for slug: td1ob8f6pu
2025-11-07T23:10:54: [getQRBySlug] Looking for slug: td1ob8f6pu
2025-11-07T23:10:54: [getQRBySlug] Found QR: 31ada0f1-037e-4cd2-8a6e-d3edc3270744
2025-11-07T23:10:54: [getQRBySlug] Found 2 destinations
2025-11-07T23:21:00:    ▲ Next.js 16.0.1
2025-11-07T23:21:00:    - Local:        http://localhost:3000
2025-11-07T23:21:00:    - Network:      http://192.168.50.230:3000
2025-11-07T23:21:00: 
2025-11-07T23:21:00:  ✓ Starting...
2025-11-07T23:21:01:  ✓ Ready in 387ms
2025-11-07T23:23:13:    ▲ Next.js 16.0.1
2025-11-07T23:23:13:    - Local:        http://localhost:3000
2025-11-07T23:23:13:    - Network:      http://192.168.50.230:3000
2025-11-07T23:23:13: 
2025-11-07T23:23:13:  ✓ Starting...
2025-11-07T23:23:13:    ▲ Next.js 16.0.1
2025-11-07T23:23:13:    - Local:        http://localhost:3000
2025-11-07T23:23:13:    - Network:      http://192.168.50.230:3000
2025-11-07T23:23:13: 
2025-11-07T23:23:13:  ✓ Starting...
2025-11-07T23:23:14:    ▲ Next.js 16.0.1
2025-11-07T23:23:14:    - Local:        http://localhost:3000
2025-11-07T23:23:14:    - Network:      http://192.168.50.230:3000
2025-11-07T23:23:14: 
2025-11-07T23:23:14:  ✓ Starting...
2025-11-07T23:23:15:    ▲ Next.js 16.0.1
2025-11-07T23:23:15:    - Local:        http://localhost:3000
2025-11-07T23:23:15:    - Network:      http://192.168.50.230:3000
2025-11-07T23:23:15: 
2025-11-07T23:23:15:  ✓ Starting...
2025-11-07T23:23:15:    ▲ Next.js 16.0.1
2025-11-07T23:23:15:    - Local:        http://localhost:3000
2025-11-07T23:23:15:    - Network:      http://192.168.50.230:3000
2025-11-07T23:23:15: 
2025-11-07T23:23:15:  ✓ Starting...
2025-11-07T23:23:16:    ▲ Next.js 16.0.1
2025-11-07T23:23:16:    - Local:        http://localhost:3000
2025-11-07T23:23:16:    - Network:      http://192.168.50.230:3000
2025-11-07T23:23:16: 
2025-11-07T23:23:16:  ✓ Starting...
2025-11-07T23:23:17:    ▲ Next.js 16.0.1
2025-11-07T23:23:17:    - Local:        http://localhost:3000
2025-11-07T23:23:17:    - Network:      http://192.168.50.230:3000
2025-11-07T23:23:17: 
2025-11-07T23:23:17:  ✓ Starting...
2025-11-07T23:23:17:    ▲ Next.js 16.0.1
2025-11-07T23:23:17:    - Local:        http://localhost:3000
2025-11-07T23:23:17:    - Network:      http://192.168.50.230:3000
2025-11-07T23:23:17: 
2025-11-07T23:23:17:  ✓ Starting...
2025-11-07T23:23:18:    ▲ Next.js 16.0.1
2025-11-07T23:23:18:    - Local:        http://localhost:3000
2025-11-07T23:23:18:    - Network:      http://192.168.50.230:3000
2025-11-07T23:23:18: 
2025-11-07T23:23:18:  ✓ Starting...
2025-11-07T23:23:19:    ▲ Next.js 16.0.1
2025-11-07T23:23:19:    - Local:        http://localhost:3000
2025-11-07T23:23:19:    - Network:      http://192.168.50.230:3000
2025-11-07T23:23:19: 
2025-11-07T23:23:19:  ✓ Starting...
2025-11-07T23:24:29:    ▲ Next.js 16.0.1
2025-11-07T23:24:29:    - Local:        http://localhost:3000
2025-11-07T23:24:29:    - Network:      http://192.168.50.230:3000
2025-11-07T23:24:29: 
2025-11-07T23:24:29:  ✓ Starting...
2025-11-07T23:24:29:  ✓ Ready in 362ms
2025-11-07T23:31:25:    ▲ Next.js 16.0.1
2025-11-07T23:31:25:    - Local:        http://localhost:3000
2025-11-07T23:31:25:    - Network:      http://192.168.50.230:3000
2025-11-07T23:31:25: 
2025-11-07T23:31:25:  ✓ Starting...
2025-11-07T23:31:26:  ✓ Ready in 372ms
2025-11-07T23:32:11: [createQR] Starting with input: { slug: 'x7kf2t2l1b', mode: 'multi', destCount: 2 }
2025-11-07T23:32:11: [createQR] Created QR with ID: 7749eab7-ce94-4c43-881c-8c58355d26ac
2025-11-07T23:32:11: [createQR] Upserted 2 destinations
2025-11-07T23:32:11: [createQR] ✅ Successfully saved to database!
2025-11-07T23:32:11: [createQR] Base URL used: http://localhost:3000
2025-11-07T23:32:15: [l/[slug]] Handling redirect for slug: x7kf2t2l1b
2025-11-07T23:32:15: [getQRBySlug] Looking for slug: x7kf2t2l1b
2025-11-07T23:32:15: [getQRBySlug] Found QR: 7749eab7-ce94-4c43-881c-8c58355d26ac
2025-11-07T23:32:15: [getQRBySlug] Found 2 destinations
2025-11-07T23:32:15: [Landing Page] Fetching QR from database for slug: x7kf2t2l1b
2025-11-07T23:32:15: [getQRBySlug] Looking for slug: x7kf2t2l1b
2025-11-07T23:32:15: [getQRBySlug] Found QR: 7749eab7-ce94-4c43-881c-8c58355d26ac
2025-11-07T23:32:15: [getQRBySlug] Found 2 destinations
2025-11-07T23:37:16:    ▲ Next.js 16.0.1
2025-11-07T23:37:16:    - Local:        http://localhost:3000
2025-11-07T23:37:16:    - Network:      http://192.168.50.230:3000
2025-11-07T23:37:16: 
2025-11-07T23:37:16:  ✓ Starting...
2025-11-07T23:37:16:  ✓ Ready in 378ms
2025-11-07T23:37:18: [Landing Page] Fetching QR from database for slug: x7kf2t2l1b
2025-11-07T23:37:18: [getQRBySlug] Looking for slug: x7kf2t2l1b
2025-11-07T23:37:18: [getQRBySlug] Found QR: 7749eab7-ce94-4c43-881c-8c58355d26ac
2025-11-07T23:37:18: [getQRBySlug] Found 2 destinations
2025-11-07T23:43:36:    ▲ Next.js 16.0.1
2025-11-07T23:43:36:    - Local:        http://localhost:3000
2025-11-07T23:43:36:    - Network:      http://192.168.50.230:3000
2025-11-07T23:43:36: 
2025-11-07T23:43:36:  ✓ Starting...
2025-11-07T23:43:36:  ✓ Ready in 310ms
2025-11-07T23:43:40: [Landing Page] Fetching QR from database for slug: x7kf2t2l1b
2025-11-07T23:43:40: [getQRBySlug] Looking for slug: x7kf2t2l1b
2025-11-07T23:43:40: [getQRBySlug] Found QR: 7749eab7-ce94-4c43-881c-8c58355d26ac
2025-11-07T23:43:40: [getQRBySlug] Found 2 destinations
2025-11-07T23:43:57:    ▲ Next.js 16.0.1
2025-11-07T23:43:57:    - Local:        http://localhost:3000
2025-11-07T23:43:57:    - Network:      http://192.168.50.230:3000
2025-11-07T23:43:57: 
2025-11-07T23:43:57:  ✓ Starting...
2025-11-07T23:43:58:  ✓ Ready in 316ms
2025-11-07T23:43:59: [Landing Page] Fetching QR from database for slug: x7kf2t2l1b
2025-11-07T23:43:59: [getQRBySlug] Looking for slug: x7kf2t2l1b
2025-11-07T23:43:59: [getQRBySlug] Found QR: 7749eab7-ce94-4c43-881c-8c58355d26ac
2025-11-07T23:43:59: [getQRBySlug] Found 2 destinations
2025-11-07T23:44:49:    ▲ Next.js 16.0.1
2025-11-07T23:44:49:    - Local:        http://localhost:3000
2025-11-07T23:44:49:    - Network:      http://192.168.50.230:3000
2025-11-07T23:44:49: 
2025-11-07T23:44:49:  ✓ Starting...
2025-11-07T23:44:49:  ✓ Ready in 309ms
2025-11-07T23:45:13: [Landing Page] Fetching QR from database for slug: x7kf2t2l1b
2025-11-07T23:45:13: [getQRBySlug] Looking for slug: x7kf2t2l1b
2025-11-07T23:45:13: [getQRBySlug] Found QR: 7749eab7-ce94-4c43-881c-8c58355d26ac
2025-11-07T23:45:13: [getQRBySlug] Found 2 destinations
2025-11-07T23:56:03:    ▲ Next.js 16.0.1
2025-11-07T23:56:03:    - Local:        http://localhost:3000
2025-11-07T23:56:03:    - Network:      http://192.168.50.230:3000
2025-11-07T23:56:03: 
2025-11-07T23:56:03:  ✓ Starting...
2025-11-07T23:56:03:  ✓ Ready in 321ms
2025-11-07T23:56:08: [Landing Page] Fetching QR from database for slug: x7kf2t2l1b
2025-11-07T23:56:08: [getQRBySlug] Looking for slug: x7kf2t2l1b
2025-11-07T23:56:08: [getQRBySlug] Found QR: 7749eab7-ce94-4c43-881c-8c58355d26ac
2025-11-07T23:56:08: [getQRBySlug] Found 2 destinations
2025-11-08T00:04:44: [Landing Page] Fetching QR from database for slug: td1ob8f6pu
2025-11-08T00:04:44: [getQRBySlug] Looking for slug: td1ob8f6pu
2025-11-08T00:04:44: [getQRBySlug] Found QR: 31ada0f1-037e-4cd2-8a6e-d3edc3270744
2025-11-08T00:04:44: [getQRBySlug] Found 2 destinations
2025-11-08T00:15:36:    ▲ Next.js 16.0.1
2025-11-08T00:15:36:    - Local:        http://localhost:3000
2025-11-08T00:15:36:    - Network:      http://192.168.50.230:3000
2025-11-08T00:15:36: 
2025-11-08T00:15:36:  ✓ Starting...
2025-11-08T00:15:36:  ✓ Ready in 329ms
2025-11-08T00:47:58:    ▲ Next.js 16.0.1
2025-11-08T00:47:58:    - Local:        http://localhost:3000
2025-11-08T00:47:58:    - Network:      http://192.168.50.230:3000
2025-11-08T00:47:58: 
2025-11-08T00:47:58:  ✓ Starting...
2025-11-08T00:47:58:  ✓ Ready in 327ms
2025-11-08T00:54:41:    ▲ Next.js 16.0.1
2025-11-08T00:54:41:    - Local:        http://localhost:3000
2025-11-08T00:54:41:    - Network:      http://192.168.50.230:3000
2025-11-08T00:54:41: 
2025-11-08T00:54:41:  ✓ Starting...
2025-11-08T00:54:41:  ✓ Ready in 319ms
2025-11-08T00:55:37:    ▲ Next.js 16.0.1
2025-11-08T00:55:37:    - Local:        http://localhost:3000
2025-11-08T00:55:37:    - Network:      http://192.168.50.230:3000
2025-11-08T00:55:37: 
2025-11-08T00:55:37:  ✓ Starting...
2025-11-08T00:55:37:  ✓ Ready in 331ms
2025-11-08T00:57:20:    ▲ Next.js 16.0.1
2025-11-08T00:57:20:    - Local:        http://localhost:3000
2025-11-08T00:57:20:    - Network:      http://192.168.50.230:3000
2025-11-08T00:57:20: 
2025-11-08T00:57:20:  ✓ Starting...
2025-11-08T00:57:21:  ✓ Ready in 342ms
2025-11-08T00:57:24: [EditorPage] Fetching QR from database for token: qr_1762557085844_qpsamgly6ap
2025-11-08T01:02:33:    ▲ Next.js 16.0.1
2025-11-08T01:02:33:    - Local:        http://localhost:3000
2025-11-08T01:02:33:    - Network:      http://192.168.50.230:3000
2025-11-08T01:02:33: 
2025-11-08T01:02:33:  ✓ Starting...
2025-11-08T01:02:33:  ✓ Ready in 325ms
2025-11-08T01:02:39: [EditorPage] Fetching QR from database for token: qr_1762557085844_qpsamgly6ap
2025-11-08T01:17:08:    ▲ Next.js 16.0.1
2025-11-08T01:17:08:    - Local:        http://localhost:3000
2025-11-08T01:17:08:    - Network:      http://192.168.50.230:3000
2025-11-08T01:17:08: 
2025-11-08T01:17:08:  ✓ Starting...
2025-11-08T01:17:09:  ✓ Ready in 346ms
2025-11-08T01:17:10: [EditorPage] Fetching QR from database for token: qr_1762557085844_qpsamgly6ap
2025-11-08T01:17:17: [EditorPage] Fetching QR from database for token: qr_1762557085844_qpsamgly6ap
2025-11-08T01:17:36:    ▲ Next.js 16.0.1
2025-11-08T01:17:36:    - Local:        http://localhost:3000
2025-11-08T01:17:36:    - Network:      http://192.168.50.230:3000
2025-11-08T01:17:36: 
2025-11-08T01:17:36:  ✓ Starting...
2025-11-08T01:17:36:  ✓ Ready in 335ms
2025-11-08T01:17:42: [EditorPage] Fetching QR from database for token: qr_1762557085844_qpsamgly6ap
2025-11-08T01:17:59: [createQR] Starting with input: { slug: 'dtbsz7ywfw', mode: 'single', destCount: 1 }
2025-11-08T01:17:59: [createQR] Created QR with ID: dc2ada7a-599d-41d4-aa5a-f9ec4d9f77ef
2025-11-08T01:17:59: [createQR] Upserted 1 destinations
2025-11-08T01:17:59: [createQR] ✅ Successfully saved to database!
2025-11-08T01:17:59: [createQR] Base URL used: http://localhost:3000
2025-11-08T01:18:09: [createQR] Starting with input: { slug: 'dtbsz7ywfw', mode: 'single', destCount: 1 }
2025-11-08T01:18:09: [createQR] Updating existing QR with ID: dc2ada7a-599d-41d4-aa5a-f9ec4d9f77ef
2025-11-08T01:18:10: [createQR] Upserted 1 destinations
2025-11-08T01:18:10: [createQR] ✅ Successfully saved to database!
2025-11-08T01:18:10: [createQR] Base URL used: http://localhost:3000
2025-11-08T01:18:11: [EditorPage] Fetching QR from database for token: qr_1762564676030_2vbsfud41ns
2025-11-08T01:18:47: [Landing Page] Fetching QR from database for slug: td1ob8f6pu
2025-11-08T01:18:47: [getQRBySlug] Looking for slug: td1ob8f6pu
2025-11-08T01:18:47: [getQRBySlug] Found QR: 31ada0f1-037e-4cd2-8a6e-d3edc3270744
2025-11-08T01:18:47: [getQRBySlug] Found 2 destinations
2025-11-08T01:23:27:    ▲ Next.js 16.0.1
2025-11-08T01:23:27:    - Local:        http://localhost:3000
2025-11-08T01:23:27:    - Network:      http://192.168.50.230:3000
2025-11-08T01:23:27: 
2025-11-08T01:23:27:  ✓ Starting...
2025-11-08T01:23:27:  ✓ Ready in 328ms
2025-11-08T02:08:06:    ▲ Next.js 16.0.1
2025-11-08T02:08:06:    - Local:        http://localhost:3000
2025-11-08T02:08:06:    - Network:      http://192.168.50.230:3000
2025-11-08T02:08:06: 
2025-11-08T02:08:06:  ✓ Starting...
2025-11-08T02:08:06:  ✓ Ready in 377ms
2025-11-08T02:13:16:    ▲ Next.js 16.0.1
2025-11-08T02:13:16:    - Local:        http://localhost:3000
2025-11-08T02:13:16:    - Network:      http://192.168.50.230:3000
2025-11-08T02:13:16: 
2025-11-08T02:13:16:  ✓ Starting...
2025-11-08T02:13:17:  ✓ Ready in 325ms
2025-11-08T02:16:04:    ▲ Next.js 16.0.1
2025-11-08T02:16:04:    - Local:        http://localhost:3000
2025-11-08T02:16:04:    - Network:      http://192.168.50.230:3000
2025-11-08T02:16:04: 
2025-11-08T02:16:04:  ✓ Starting...
2025-11-08T02:16:04:  ✓ Ready in 336ms
2025-11-08T02:30:01:    ▲ Next.js 16.0.1
2025-11-08T02:30:01:    - Local:        http://localhost:3000
2025-11-08T02:30:01:    - Network:      http://192.168.50.230:3000
2025-11-08T02:30:01: 
2025-11-08T02:30:01:  ✓ Starting...
2025-11-08T02:30:01:  ✓ Ready in 325ms
2025-11-08T02:31:25:    ▲ Next.js 16.0.1
2025-11-08T02:31:25:    - Local:        http://localhost:3000
2025-11-08T02:31:25:    - Network:      http://192.168.50.230:3000
2025-11-08T02:31:25: 
2025-11-08T02:31:25:  ✓ Starting...
2025-11-08T02:31:25:  ✓ Ready in 341ms
2025-11-08T02:37:30:    ▲ Next.js 16.0.1
2025-11-08T02:37:30:    - Local:        http://localhost:3000
2025-11-08T02:37:30:    - Network:      http://192.168.50.230:3000
2025-11-08T02:37:30: 
2025-11-08T02:37:30:  ✓ Starting...
2025-11-08T02:37:30:  ✓ Ready in 329ms
2025-11-08T02:38:28:    ▲ Next.js 16.0.1
2025-11-08T02:38:28:    - Local:        http://localhost:3000
2025-11-08T02:38:28:    - Network:      http://192.168.50.230:3000
2025-11-08T02:38:28: 
2025-11-08T02:38:28:  ✓ Starting...
2025-11-08T02:38:28:  ✓ Ready in 325ms
2025-11-08T02:43:09:    ▲ Next.js 16.0.1
2025-11-08T02:43:09:    - Local:        http://localhost:3000
2025-11-08T02:43:09:    - Network:      http://192.168.50.230:3000
2025-11-08T02:43:09: 
2025-11-08T02:43:09:  ✓ Starting...
2025-11-08T02:43:09:  ✓ Ready in 317ms
2025-11-08T02:55:32:    ▲ Next.js 16.0.1
2025-11-08T02:55:32:    - Local:        http://localhost:3000
2025-11-08T02:55:32:    - Network:      http://192.168.50.230:3000
2025-11-08T02:55:32: 
2025-11-08T02:55:32:  ✓ Starting...
2025-11-08T02:55:33:  ✓ Ready in 312ms
2025-11-08T03:00:51:    ▲ Next.js 16.0.1
2025-11-08T03:00:51:    - Local:        http://localhost:3000
2025-11-08T03:00:51:    - Network:      http://192.168.50.230:3000
2025-11-08T03:00:51: 
2025-11-08T03:00:51:  ✓ Starting...
2025-11-08T03:00:51:  ✓ Ready in 335ms
2025-11-08T03:13:48:    ▲ Next.js 16.0.1
2025-11-08T03:13:48:    - Local:        http://localhost:3000
2025-11-08T03:13:48:    - Network:      http://192.168.50.230:3000
2025-11-08T03:13:48: 
2025-11-08T03:13:48:  ✓ Starting...
2025-11-08T03:13:49:  ✓ Ready in 329ms
2025-11-08T03:18:21:    ▲ Next.js 16.0.1
2025-11-08T03:18:21:    - Local:        http://localhost:3000
2025-11-08T03:18:21:    - Network:      http://192.168.50.230:3000
2025-11-08T03:18:21: 
2025-11-08T03:18:21:  ✓ Starting...
2025-11-08T03:18:21:  ✓ Ready in 345ms
2025-11-08T03:22:16:    ▲ Next.js 16.0.1
2025-11-08T03:22:16:    - Local:        http://localhost:3000
2025-11-08T03:22:16:    - Network:      http://192.168.50.230:3000
2025-11-08T03:22:16: 
2025-11-08T03:22:16:  ✓ Starting...
2025-11-08T03:22:16:  ✓ Ready in 334ms
2025-11-08T03:25:06:    ▲ Next.js 16.0.1
2025-11-08T03:25:06:    - Local:        http://localhost:3000
2025-11-08T03:25:06:    - Network:      http://192.168.50.230:3000
2025-11-08T03:25:06: 
2025-11-08T03:25:06:  ✓ Starting...
2025-11-08T03:25:07:  ✓ Ready in 331ms
2025-11-08T03:55:40:    ▲ Next.js 16.0.1
2025-11-08T03:55:40:    - Local:        http://localhost:3000
2025-11-08T03:55:40:    - Network:      http://192.168.50.230:3000
2025-11-08T03:55:40: 
2025-11-08T03:55:40:  ✓ Starting...
2025-11-08T03:55:40:  ✓ Ready in 347ms
2025-11-08T04:03:54:    ▲ Next.js 16.0.1
2025-11-08T04:03:54:    - Local:        http://localhost:3000
2025-11-08T04:03:54:    - Network:      http://192.168.50.230:3000
2025-11-08T04:03:54: 
2025-11-08T04:03:54:  ✓ Starting...
2025-11-08T04:03:54:  ✓ Ready in 351ms
2025-11-08T04:14:31:    ▲ Next.js 16.0.1
2025-11-08T04:14:31:    - Local:        http://localhost:3000
2025-11-08T04:14:31:    - Network:      http://192.168.50.230:3000
2025-11-08T04:14:31: 
2025-11-08T04:14:31:  ✓ Starting...
2025-11-08T04:14:31:  ✓ Ready in 336ms
2025-11-08T06:59:39: [EditorPage] Fetching QR from database for token: qr_1762564676030_2vbsfud41ns
2025-11-08T06:59:44: [EditorPage] Fetching QR from database for token: qr_1762557085844_qpsamgly6ap
2025-11-08T08:20:52: [createQR] Starting with input: { slug: '2cx0j1na7r', mode: 'multi', destCount: 2 }
2025-11-08T08:20:52: [createQR] Created QR with ID: 019b9c0b-2231-49e3-8924-a81bc6af2280
2025-11-08T08:20:52: [createQR] Upserted 2 destinations
2025-11-08T08:20:52: [createQR] ✅ Successfully saved to database!
2025-11-08T08:20:52: [createQR] Base URL used: https://qrmk.us
2025-11-08T08:21:02: [createQR] Starting with input: { slug: '2cx0j1na7r', mode: 'multi', destCount: 2 }
2025-11-08T08:21:02: [createQR] Updating existing QR with ID: 019b9c0b-2231-49e3-8924-a81bc6af2280
2025-11-08T08:21:02: [createQR] Upserted 2 destinations
2025-11-08T08:21:02: [createQR] ✅ Successfully saved to database!
2025-11-08T08:21:02: [createQR] Base URL used: https://qrmk.us
2025-11-08T08:21:04: [EditorPage] Fetching QR from database for token: qr_1762589986776_mtelikd3dmq
2025-11-08T08:21:21: [l/[slug]] Handling redirect for slug: 2cx0j1na7r
2025-11-08T08:21:21: [getQRBySlug] Looking for slug: 2cx0j1na7r
2025-11-08T08:21:21: [getQRBySlug] Found QR: 019b9c0b-2231-49e3-8924-a81bc6af2280
2025-11-08T08:21:21: [getQRBySlug] Found 2 destinations
2025-11-08T08:21:26: [l/[slug]] Handling redirect for slug: 2cx0j1na7r
2025-11-08T08:21:26: [getQRBySlug] Looking for slug: 2cx0j1na7r
2025-11-08T08:21:26: [getQRBySlug] Found QR: 019b9c0b-2231-49e3-8924-a81bc6af2280
2025-11-08T08:21:26: [getQRBySlug] Found 2 destinations
2025-11-08T08:21:38: [l/[slug]] Handling redirect for slug: 2cx0j1na7r
2025-11-08T08:21:38: [getQRBySlug] Looking for slug: 2cx0j1na7r
2025-11-08T08:21:38: [getQRBySlug] Found QR: 019b9c0b-2231-49e3-8924-a81bc6af2280
2025-11-08T08:21:38: [getQRBySlug] Found 2 destinations
2025-11-08T08:21:52: [l/[slug]] Handling redirect for slug: 2cx0j1na7r
2025-11-08T08:21:52: [getQRBySlug] Looking for slug: 2cx0j1na7r
2025-11-08T08:21:52: [getQRBySlug] Found QR: 019b9c0b-2231-49e3-8924-a81bc6af2280
2025-11-08T08:21:52: [getQRBySlug] Found 2 destinations
2025-11-08T08:58:07:    ▲ Next.js 16.0.1
2025-11-08T08:58:07:    - Local:        http://localhost:3000
2025-11-08T08:58:07:    - Network:      http://192.168.50.230:3000
2025-11-08T08:58:07: 
2025-11-08T08:58:07:  ✓ Starting...
2025-11-08T08:58:07:  ✓ Ready in 342ms
2025-11-08T08:58:17: [EditorPage] Fetching QR from database for token: qr_1762589986776_mtelikd3dmq
2025-11-08T08:58:27: [l/[slug]] Handling redirect for slug: 2cx0j1na7r
2025-11-08T08:58:27: [getQRBySlug] Looking for slug: 2cx0j1na7r
2025-11-08T08:58:27: [getQRBySlug] Found QR: 019b9c0b-2231-49e3-8924-a81bc6af2280
2025-11-08T08:58:27: [getQRBySlug] Found 2 destinations
2025-11-08T08:58:28: [l/[slug]] Handling redirect for slug: 2cx0j1na7r
2025-11-08T08:58:28: [getQRBySlug] Looking for slug: 2cx0j1na7r
2025-11-08T08:58:28: [getQRBySlug] Found QR: 019b9c0b-2231-49e3-8924-a81bc6af2280
2025-11-08T08:58:28: [getQRBySlug] Found 2 destinations
2025-11-08T08:59:58: [createQR] Starting with input: { slug: 'jldolh3qx4', mode: 'multi', destCount: 2 }
2025-11-08T08:59:58: [createQR] Created QR with ID: 03fcef4b-6aa2-40a3-ac9d-139f96c39c7c
2025-11-08T08:59:58: [createQR] Upserted 2 destinations
2025-11-08T08:59:58: [createQR] ✅ Successfully saved to database!
2025-11-08T08:59:58: [createQR] Base URL used: https://qrmk.us
2025-11-08T09:00:02: [createQR] Starting with input: { slug: 'jldolh3qx4', mode: 'multi', destCount: 2 }
2025-11-08T09:00:02: [createQR] Updating existing QR with ID: 03fcef4b-6aa2-40a3-ac9d-139f96c39c7c
2025-11-08T09:00:02: [createQR] Upserted 2 destinations
2025-11-08T09:00:02: [createQR] ✅ Successfully saved to database!
2025-11-08T09:00:02: [createQR] Base URL used: https://qrmk.us
2025-11-08T09:00:04: [EditorPage] Fetching QR from database for token: qr_1762592353393_ws7fjmnt7ng
2025-11-08T09:00:12: [l/[slug]] Handling redirect for slug: jldolh3qx4
2025-11-08T09:00:12: [getQRBySlug] Looking for slug: jldolh3qx4
2025-11-08T09:00:12: [getQRBySlug] Found QR: 03fcef4b-6aa2-40a3-ac9d-139f96c39c7c
2025-11-08T09:00:12: [getQRBySlug] Found 2 destinations
2025-11-08T09:00:13: [l/[slug]] Handling redirect for slug: jldolh3qx4
2025-11-08T09:00:13: [getQRBySlug] Looking for slug: jldolh3qx4
2025-11-08T09:00:13: [getQRBySlug] Found QR: 03fcef4b-6aa2-40a3-ac9d-139f96c39c7c
2025-11-08T09:00:13: [getQRBySlug] Found 2 destinations
2025-11-08T09:02:26:    ▲ Next.js 16.0.1
2025-11-08T09:02:26:    - Local:        http://localhost:3000
2025-11-08T09:02:26:    - Network:      http://192.168.50.230:3000
2025-11-08T09:02:26: 
2025-11-08T09:02:26:  ✓ Starting...
2025-11-08T09:02:26:  ✓ Ready in 340ms
2025-11-08T09:02:45: [EditorPage] Fetching QR from database for token: qr_1762592353393_ws7fjmnt7ng
2025-11-08T09:02:52: [l/[slug]] Handling redirect for slug: jldolh3qx4
2025-11-08T09:02:52: [getQRBySlug] Looking for slug: jldolh3qx4
2025-11-08T09:02:52: [getQRBySlug] Found QR: 03fcef4b-6aa2-40a3-ac9d-139f96c39c7c
2025-11-08T09:02:52: [getQRBySlug] Found 2 destinations
2025-11-08T09:02:52: [Landing Page] Fetching QR from database for slug: jldolh3qx4
2025-11-08T09:02:52: [getQRBySlug] Looking for slug: jldolh3qx4
2025-11-08T09:02:52: [getQRBySlug] Found QR: 03fcef4b-6aa2-40a3-ac9d-139f96c39c7c
2025-11-08T09:02:52: [getQRBySlug] Found 2 destinations
2025-11-08T09:04:28: [l/[slug]] Handling redirect for slug: jldolh3qx4
2025-11-08T09:04:28: [getQRBySlug] Looking for slug: jldolh3qx4
2025-11-08T09:04:28: [getQRBySlug] Found QR: 03fcef4b-6aa2-40a3-ac9d-139f96c39c7c
2025-11-08T09:04:28: [getQRBySlug] Found 2 destinations
2025-11-08T09:04:28: [Landing Page] Fetching QR from database for slug: jldolh3qx4
2025-11-08T09:04:28: [getQRBySlug] Looking for slug: jldolh3qx4
2025-11-08T09:04:28: [getQRBySlug] Found QR: 03fcef4b-6aa2-40a3-ac9d-139f96c39c7c
2025-11-08T09:04:28: [getQRBySlug] Found 2 destinations
2025-11-08T09:04:32: [l/[slug]] Handling redirect for slug: jldolh3qx4
2025-11-08T09:04:32: [getQRBySlug] Looking for slug: jldolh3qx4
2025-11-08T09:04:32: [getQRBySlug] Found QR: 03fcef4b-6aa2-40a3-ac9d-139f96c39c7c
2025-11-08T09:04:32: [getQRBySlug] Found 2 destinations
2025-11-08T09:04:32: [Landing Page] Fetching QR from database for slug: jldolh3qx4
2025-11-08T09:04:32: [getQRBySlug] Looking for slug: jldolh3qx4
2025-11-08T09:04:32: [getQRBySlug] Found QR: 03fcef4b-6aa2-40a3-ac9d-139f96c39c7c
2025-11-08T09:04:32: [getQRBySlug] Found 2 destinations
2025-11-08T09:39:51:    ▲ Next.js 16.0.1
2025-11-08T09:39:51:    - Local:        http://localhost:3000
2025-11-08T09:39:51:    - Network:      http://192.168.50.230:3000
2025-11-08T09:39:51: 
2025-11-08T09:39:51:  ✓ Starting...
2025-11-08T09:39:51:  ✓ Ready in 357ms
2025-11-08T09:39:53: [EditorPage] Fetching QR from database for token: qr_1762592353393_ws7fjmnt7ng
2025-11-08T09:45:51:    ▲ Next.js 16.0.1
2025-11-08T09:45:51:    - Local:        http://localhost:3000
2025-11-08T09:45:51:    - Network:      http://192.168.50.230:3000
2025-11-08T09:45:51: 
2025-11-08T09:45:51:  ✓ Starting...
2025-11-08T09:45:51:  ✓ Ready in 347ms
2025-11-08T09:48:25: [createQR] Starting with input: { slug: 'hi8kywkojt', mode: 'multi', destCount: 2 }
2025-11-08T09:48:25: [createQR] Created QR with ID: fc970a65-3cb9-4456-9e66-c5a2e82e039d
2025-11-08T09:48:25: [createQR] Upserted 2 destinations
2025-11-08T09:48:25: [createQR] ✅ Successfully saved to database!
2025-11-08T09:48:25: [createQR] Base URL used: https://qrmk.us
2025-11-08T09:51:20: [createQR] Starting with input: { slug: 'hi8kywkojt', mode: 'multi', destCount: 2 }
2025-11-08T09:51:20: [createQR] Updating existing QR with ID: fc970a65-3cb9-4456-9e66-c5a2e82e039d
2025-11-08T09:51:20: [createQR] Upserted 2 destinations
2025-11-08T09:51:20: [createQR] ✅ Successfully saved to database!
2025-11-08T09:51:20: [createQR] Base URL used: https://qrmk.us
2025-11-08T09:51:22: [EditorPage] Fetching QR from database for token: qr_1762595261756_y5ybt5zwr5
2025-11-08T09:51:39: [l/[slug]] Handling redirect for slug: jldolh3qx4
2025-11-08T09:51:39: [getQRBySlug] Looking for slug: jldolh3qx4
2025-11-08T09:51:39: [getQRBySlug] Found QR: 03fcef4b-6aa2-40a3-ac9d-139f96c39c7c
2025-11-08T09:51:39: [getQRBySlug] Found 2 destinations
2025-11-08T09:51:39: [Landing Page] Fetching QR from database for slug: jldolh3qx4
2025-11-08T09:51:39: [getQRBySlug] Looking for slug: jldolh3qx4
2025-11-08T09:51:39: [getQRBySlug] Found QR: 03fcef4b-6aa2-40a3-ac9d-139f96c39c7c
2025-11-08T09:51:39: [getQRBySlug] Found 2 destinations
2025-11-08T09:51:41: [l/[slug]] Handling redirect for slug: hi8kywkojt
2025-11-08T09:51:41: [getQRBySlug] Looking for slug: hi8kywkojt
2025-11-08T09:51:41: [getQRBySlug] Found QR: fc970a65-3cb9-4456-9e66-c5a2e82e039d
2025-11-08T09:51:41: [getQRBySlug] Found 2 destinations
2025-11-08T09:51:41: [Landing Page] Fetching QR from database for slug: hi8kywkojt
2025-11-08T09:51:41: [getQRBySlug] Looking for slug: hi8kywkojt
2025-11-08T09:51:41: [getQRBySlug] Found QR: fc970a65-3cb9-4456-9e66-c5a2e82e039d
2025-11-08T09:51:41: [getQRBySlug] Found 2 destinations
2025-11-08T09:51:43: [l/[slug]] Handling redirect for slug: hi8kywkojt
2025-11-08T09:51:43: [getQRBySlug] Looking for slug: hi8kywkojt
2025-11-08T09:51:43: [getQRBySlug] Found QR: fc970a65-3cb9-4456-9e66-c5a2e82e039d
2025-11-08T09:51:43: [getQRBySlug] Found 2 destinations
2025-11-08T09:51:43: [Landing Page] Fetching QR from database for slug: hi8kywkojt
2025-11-08T09:51:43: [getQRBySlug] Looking for slug: hi8kywkojt
2025-11-08T09:51:43: [getQRBySlug] Found QR: fc970a65-3cb9-4456-9e66-c5a2e82e039d
2025-11-08T09:51:43: [getQRBySlug] Found 2 destinations
2025-11-08T09:51:49: [Landing Page] Fetching QR from database for slug: hi8kywkojt
2025-11-08T09:51:49: [getQRBySlug] Looking for slug: hi8kywkojt
2025-11-08T09:51:49: [getQRBySlug] Found QR: fc970a65-3cb9-4456-9e66-c5a2e82e039d
2025-11-08T09:51:49: [getQRBySlug] Found 2 destinations
2025-11-08T09:52:12: [EditorPage] Fetching QR from database for token: qr_1762595261756_y5ybt5zwr5
2025-11-08T10:23:10:    ▲ Next.js 16.0.1
2025-11-08T10:23:10:    - Local:        http://localhost:3000
2025-11-08T10:23:10:    - Network:      http://192.168.50.230:3000
2025-11-08T10:23:10: 
2025-11-08T10:23:10:  ✓ Starting...
2025-11-08T10:23:11:  ✓ Ready in 318ms
2025-11-08T10:24:05:    ▲ Next.js 16.0.1
2025-11-08T10:24:05:    - Local:        http://localhost:3000
2025-11-08T10:24:05:    - Network:      http://192.168.50.230:3000
2025-11-08T10:24:05: 
2025-11-08T10:24:05:  ✓ Starting...
2025-11-08T10:24:05:  ✓ Ready in 316ms
2025-11-08T10:24:29: [EditorPage] Fetching QR from database for token: qr_1762595261756_y5ybt5zwr5
2025-11-08T10:24:45: [l/[slug]] Handling redirect for slug: hi8kywkojt
2025-11-08T10:24:45: [getQRBySlug] Looking for slug: hi8kywkojt
2025-11-08T10:24:45: [getQRBySlug] Found QR: fc970a65-3cb9-4456-9e66-c5a2e82e039d
2025-11-08T10:24:45: [getQRBySlug] Found 2 destinations
2025-11-08T10:24:45: [Landing Page] Fetching QR from database for slug: hi8kywkojt
2025-11-08T10:24:45: [getQRBySlug] Looking for slug: hi8kywkojt
2025-11-08T10:24:45: [getQRBySlug] Found QR: fc970a65-3cb9-4456-9e66-c5a2e82e039d
2025-11-08T10:24:45: [getQRBySlug] Found 2 destinations
2025-11-08T10:24:48: [l/[slug]] Handling redirect for slug: hi8kywkojt
2025-11-08T10:24:48: [getQRBySlug] Looking for slug: hi8kywkojt
2025-11-08T10:24:48: [getQRBySlug] Found QR: fc970a65-3cb9-4456-9e66-c5a2e82e039d
2025-11-08T10:24:48: [getQRBySlug] Found 2 destinations
2025-11-08T10:24:48: [Landing Page] Fetching QR from database for slug: hi8kywkojt
2025-11-08T10:24:48: [getQRBySlug] Looking for slug: hi8kywkojt
2025-11-08T10:24:48: [getQRBySlug] Found QR: fc970a65-3cb9-4456-9e66-c5a2e82e039d
2025-11-08T10:24:48: [getQRBySlug] Found 2 destinations
2025-11-08T10:24:51: [l/[slug]] Handling redirect for slug: hi8kywkojt
2025-11-08T10:24:51: [getQRBySlug] Looking for slug: hi8kywkojt
2025-11-08T10:24:51: [getQRBySlug] Found QR: fc970a65-3cb9-4456-9e66-c5a2e82e039d
2025-11-08T10:24:51: [getQRBySlug] Found 2 destinations
2025-11-08T10:24:51: [Landing Page] Fetching QR from database for slug: hi8kywkojt
2025-11-08T10:24:51: [getQRBySlug] Looking for slug: hi8kywkojt
2025-11-08T10:24:51: [getQRBySlug] Found QR: fc970a65-3cb9-4456-9e66-c5a2e82e039d
2025-11-08T10:24:51: [getQRBySlug] Found 2 destinations
2025-11-08T10:24:53: [l/[slug]] Handling redirect for slug: hi8kywkojt
2025-11-08T10:24:53: [getQRBySlug] Looking for slug: hi8kywkojt
2025-11-08T10:24:53: [getQRBySlug] Found QR: fc970a65-3cb9-4456-9e66-c5a2e82e039d
2025-11-08T10:24:53: [getQRBySlug] Found 2 destinations
2025-11-08T10:24:58: [EditorPage] Fetching QR from database for token: qr_1762595261756_y5ybt5zwr5
